Started GET "/" for 127.0.0.1 at 2021-02-07 20:05:31 +0000
  [1m[35m (3.9ms)[0m  [1m[34mSELECT sqlite_version(*)[0m
Processing by Rails::WelcomeController#index as HTML
  Rendering /home/ema/.rvm/gems/ruby-2.6.3/gems/railties-6.1.1/lib/rails/templates/rails/welcome/index.html.erb
  Rendered /home/ema/.rvm/gems/ruby-2.6.3/gems/railties-6.1.1/lib/rails/templates/rails/welcome/index.html.erb (Duration: 9.3ms | Allocations: 518)
Completed 200 OK in 33ms (Views: 13.3ms | ActiveRecord: 0.0ms | Allocations: 4304)


  [1m[35m (0.5ms)[0m  [1m[34mSELECT sqlite_version(*)[0m
  [1m[35m (20.0ms)[0m  [1m[35mCREATE TABLE "schema_migrations" ("version" varchar NOT NULL PRIMARY KEY)[0m
  [1m[35m (11.6ms)[0m  [1m[35mCREATE TABLE "ar_internal_metadata" ("key" varchar NOT NULL PRIMARY KEY, "value" varchar, "created_at" datetime(6) NOT NULL, "updated_at" datetime(6) NOT NULL)[0m
  [1m[35m (0.3ms)[0m  [1m[34mSELECT "schema_migrations"."version" FROM "schema_migrations" ORDER BY "schema_migrations"."version" ASC[0m
Migrating to CreateCharacters (20210207200630)
  [1m[36mTRANSACTION (0.1ms)[0m  [1m[36mbegin transaction[0m
  [1m[35m (0.7ms)[0m  [1m[35mCREATE TABLE "characters" ("id" integer PRIMARY KEY AUTOINCREMENT NOT NULL, "name" varchar, "description" text, "picture" varchar, "created_at" datetime(6) NOT NULL, "updated_at" datetime(6) NOT NULL)[0m
  [1m[36mActiveRecord::SchemaMigration Create (0.3ms)[0m  [1m[32mINSERT INTO "schema_migrations" ("version") VALUES (?)[0m  [["version", "20210207200630"]]
  [1m[36mTRANSACTION (11.9ms)[0m  [1m[36mcommit transaction[0m
  [1m[36mActiveRecord::InternalMetadata Load (0.2ms)[0m  [1m[34mSELECT "ar_internal_metadata".* FROM "ar_internal_metadata" WHERE "ar_internal_metadata"."key" = ? LIMIT ?[0m  [["key", "environment"], ["LIMIT", 1]]
  [1m[36mTRANSACTION (0.2ms)[0m  [1m[36mbegin transaction[0m
  [1m[36mActiveRecord::InternalMetadata Create (0.5ms)[0m  [1m[32mINSERT INTO "ar_internal_metadata" ("key", "value", "created_at", "updated_at") VALUES (?, ?, ?, ?)[0m  [["key", "environment"], ["value", "development"], ["created_at", "2021-02-07 20:06:43.259343"], ["updated_at", "2021-02-07 20:06:43.259343"]]
  [1m[36mTRANSACTION (10.4ms)[0m  [1m[36mcommit transaction[0m
  [1m[35m (0.2ms)[0m  [1m[34mSELECT sqlite_version(*)[0m
  [1m[35m (0.2ms)[0m  [1m[34mSELECT "schema_migrations"."version" FROM "schema_migrations" ORDER BY "schema_migrations"."version" ASC[0m
Started GET "/character" for 127.0.0.1 at 2021-02-07 20:07:01 +0000
  [1m[35m (0.5ms)[0m  [1m[34mSELECT sqlite_version(*)[0m
  [1m[35m (0.3ms)[0m  [1m[34mSELECT "schema_migrations"."version" FROM "schema_migrations" ORDER BY "schema_migrations"."version" ASC[0m
  
ActionController::RoutingError (No route matches [GET] "/character"):
  
Started GET "/characters" for 127.0.0.1 at 2021-02-07 20:07:33 +0000
Processing by CharactersController#index as HTML
  Rendering layout layouts/application.html.erb
  Rendering characters/index.html.erb within layouts/application
  [1m[36mCharacter Load (0.2ms)[0m  [1m[34mSELECT "characters".* FROM "characters"[0m
  ↳ app/views/characters/index.html.erb:16
  Rendered characters/index.html.erb within layouts/application (Duration: 8.5ms | Allocations: 1117)
[Webpacker] Compiling...
[Webpacker] Compiled all packs in /home/ema/bozice.github.io/public/packs
[Webpacker] Hash: 415a948d492e21802f43
Version: webpack 4.46.0
Time: 3337ms
Built at: 02/07/2021 8:07:39 PM
                                     Asset       Size       Chunks                         Chunk Names
    js/application-d5a3c3b4dce84b5eb605.js    125 KiB  application  [emitted] [immutable]  application
js/application-d5a3c3b4dce84b5eb605.js.map    139 KiB  application  [emitted] [dev]        application
                             manifest.json  364 bytes               [emitted]              
Entrypoint application = js/application-d5a3c3b4dce84b5eb605.js js/application-d5a3c3b4dce84b5eb605.js.map
[./app/javascript/channels sync recursive _channel\.js$] ./app/javascript/channels sync _channel\.js$ 160 bytes {application} [built]
[./app/javascript/channels/index.js] 211 bytes {application} [built]
[./app/javascript/packs/application.js] 492 bytes {application} [built]
[./node_modules/webpack/buildin/module.js] (webpack)/buildin/module.js 552 bytes {application} [built]
    + 3 hidden modules

  Rendered layout layouts/application.html.erb (Duration: 5557.9ms | Allocations: 20466)
Completed 200 OK in 5579ms (Views: 5561.0ms | ActiveRecord: 0.2ms | Allocations: 22925)


Started GET "/characters" for 127.0.0.1 at 2021-02-07 20:11:24 +0000
Processing by CharactersController#index as HTML
  Rendering layout layouts/application.html.erb
  Rendering characters/index.html.erb within layouts/application
  [1m[36mCharacter Load (0.2ms)[0m  [1m[34mSELECT "characters".* FROM "characters"[0m
  ↳ app/views/characters/index.html.erb:16
  Rendered characters/index.html.erb within layouts/application (Duration: 4.4ms | Allocations: 992)
[Webpacker] Everything's up-to-date. Nothing to do
  Rendered layout layouts/application.html.erb (Duration: 21.3ms | Allocations: 9443)
Completed 200 OK in 25ms (Views: 23.2ms | ActiveRecord: 0.2ms | Allocations: 10584)


Started GET "/characters" for 127.0.0.1 at 2021-02-07 20:12:43 +0000
Processing by CharactersController#index as HTML
  Rendering layout layouts/application.html.erb
  Rendering characters/index.html.erb within layouts/application
  [1m[36mCharacter Load (0.2ms)[0m  [1m[34mSELECT "characters".* FROM "characters"[0m
  ↳ app/views/characters/index.html.erb:16
  Rendered characters/index.html.erb within layouts/application (Duration: 3.3ms | Allocations: 986)
[Webpacker] Everything's up-to-date. Nothing to do
  Rendered layout layouts/application.html.erb (Duration: 8.7ms | Allocations: 4242)
Completed 200 OK in 13ms (Views: 11.2ms | ActiveRecord: 0.2ms | Allocations: 5373)


Started GET "/" for 127.0.0.1 at 2021-02-07 20:17:56 +0000
Started GET "/characters" for 127.0.0.1 at 2021-02-07 20:17:56 +0000
Processing by CharactersController#index as HTML
Completed 500 Internal Server Error in 10ms (Allocations: 2910)


  
NameError (uninitialized constant Character (call 'Character.connection' to establish a connection)::PictureUploader
Did you mean?  Character::Preloader):
  
app/models/character.rb:2:in `<class:Character>'
app/models/character.rb:1:in `<main>'
app/controllers/characters_controller.rb:6:in `index'
Started GET "/" for 127.0.0.1 at 2021-02-07 20:18:24 +0000
Started GET "/characters" for 127.0.0.1 at 2021-02-07 20:18:24 +0000
Processing by CharactersController#index as HTML
  Rendering layout layouts/application.html.erb
  Rendering characters/index.html.erb within layouts/application
  [1m[35m (0.1ms)[0m  [1m[34mSELECT sqlite_version(*)[0m
  ↳ app/views/characters/index.html.erb:16
  [1m[36mCharacter Load (0.2ms)[0m  [1m[34mSELECT "characters".* FROM "characters"[0m
  ↳ app/views/characters/index.html.erb:16
  Rendered characters/index.html.erb within layouts/application (Duration: 7.3ms | Allocations: 1730)
[Webpacker] Everything's up-to-date. Nothing to do
  Rendered layout layouts/application.html.erb (Duration: 13.7ms | Allocations: 4988)
Completed 200 OK in 18ms (Views: 16.0ms | ActiveRecord: 0.9ms | Allocations: 6176)


Started GET "/ideas" for 127.0.0.1 at 2021-02-07 20:18:28 +0000
  
ActionController::RoutingError (No route matches [GET] "/ideas"):
  
Started GET "/characters" for 127.0.0.1 at 2021-02-07 20:18:41 +0000
Processing by CharactersController#index as HTML
  Rendering layout layouts/application.html.erb
  Rendering characters/index.html.erb within layouts/application
  [1m[36mCharacter Load (2.3ms)[0m  [1m[34mSELECT "characters".* FROM "characters"[0m
  ↳ app/views/characters/index.html.erb:16
  Rendered characters/index.html.erb within layouts/application (Duration: 6.0ms | Allocations: 717)
[Webpacker] Everything's up-to-date. Nothing to do
  Rendered layout layouts/application.html.erb (Duration: 17.6ms | Allocations: 3740)
Completed 200 OK in 19ms (Views: 16.1ms | ActiveRecord: 2.3ms | Allocations: 4134)


Started GET "/ideas" for 127.0.0.1 at 2021-02-07 20:18:46 +0000
  
ActionController::RoutingError (No route matches [GET] "/ideas"):
  
Started GET "/characters" for 127.0.0.1 at 2021-02-07 20:19:18 +0000
Processing by CharactersController#index as HTML
  Rendering layout layouts/application.html.erb
  Rendering characters/index.html.erb within layouts/application
  [1m[36mCharacter Load (0.2ms)[0m  [1m[34mSELECT "characters".* FROM "characters"[0m
  ↳ app/views/characters/index.html.erb:16
  Rendered characters/index.html.erb within layouts/application (Duration: 3.6ms | Allocations: 987)
[Webpacker] Everything's up-to-date. Nothing to do
  Rendered layout layouts/application.html.erb (Duration: 13.9ms | Allocations: 4243)
Completed 200 OK in 17ms (Views: 15.7ms | ActiveRecord: 0.2ms | Allocations: 5379)


Started GET "/characters" for 127.0.0.1 at 2021-02-07 20:19:20 +0000
Processing by CharactersController#index as HTML
  Rendering layout layouts/application.html.erb
  Rendering characters/index.html.erb within layouts/application
  [1m[36mCharacter Load (0.1ms)[0m  [1m[34mSELECT "characters".* FROM "characters"[0m
  ↳ app/views/characters/index.html.erb:16
  Rendered characters/index.html.erb within layouts/application (Duration: 2.2ms | Allocations: 725)
[Webpacker] Everything's up-to-date. Nothing to do
  Rendered layout layouts/application.html.erb (Duration: 9.9ms | Allocations: 3748)
Completed 200 OK in 11ms (Views: 10.5ms | ActiveRecord: 0.1ms | Allocations: 4149)


Started GET "/characters" for 127.0.0.1 at 2021-02-07 20:19:22 +0000
Processing by CharactersController#index as HTML
  Rendering layout layouts/application.html.erb
  Rendering characters/index.html.erb within layouts/application
  [1m[36mCharacter Load (0.2ms)[0m  [1m[34mSELECT "characters".* FROM "characters"[0m
  ↳ app/views/characters/index.html.erb:16
  Rendered characters/index.html.erb within layouts/application (Duration: 3.6ms | Allocations: 711)
[Webpacker] Everything's up-to-date. Nothing to do
  Rendered layout layouts/application.html.erb (Duration: 13.8ms | Allocations: 3733)
Completed 200 OK in 16ms (Views: 14.5ms | ActiveRecord: 0.2ms | Allocations: 4126)


Started GET "/" for 127.0.0.1 at 2021-02-07 20:19:23 +0000
Started GET "/characters" for 127.0.0.1 at 2021-02-07 20:19:23 +0000
Processing by CharactersController#index as HTML
  Rendering layout layouts/application.html.erb
  Rendering characters/index.html.erb within layouts/application
  [1m[36mCharacter Load (0.1ms)[0m  [1m[34mSELECT "characters".* FROM "characters"[0m
  ↳ app/views/characters/index.html.erb:16
  Rendered characters/index.html.erb within layouts/application (Duration: 2.7ms | Allocations: 711)
[Webpacker] Everything's up-to-date. Nothing to do
  Rendered layout layouts/application.html.erb (Duration: 9.6ms | Allocations: 3733)
Completed 200 OK in 12ms (Views: 10.4ms | ActiveRecord: 0.1ms | Allocations: 4126)


Started GET "/characters" for 127.0.0.1 at 2021-02-07 20:19:25 +0000
Processing by CharactersController#index as HTML
  Rendering layout layouts/application.html.erb
  Rendering characters/index.html.erb within layouts/application
  [1m[36mCharacter Load (0.2ms)[0m  [1m[34mSELECT "characters".* FROM "characters"[0m
  ↳ app/views/characters/index.html.erb:16
  Rendered characters/index.html.erb within layouts/application (Duration: 3.5ms | Allocations: 711)
[Webpacker] Everything's up-to-date. Nothing to do
  Rendered layout layouts/application.html.erb (Duration: 10.3ms | Allocations: 3733)
Completed 200 OK in 12ms (Views: 11.5ms | ActiveRecord: 0.2ms | Allocations: 4126)


Started GET "/" for 127.0.0.1 at 2021-02-07 20:19:27 +0000
Started GET "/characters" for 127.0.0.1 at 2021-02-07 20:19:27 +0000
Processing by CharactersController#index as HTML
  Rendering layout layouts/application.html.erb
  Rendering characters/index.html.erb within layouts/application
  [1m[36mCharacter Load (0.2ms)[0m  [1m[34mSELECT "characters".* FROM "characters"[0m
  ↳ app/views/characters/index.html.erb:16
  Rendered characters/index.html.erb within layouts/application (Duration: 4.1ms | Allocations: 711)
[Webpacker] Everything's up-to-date. Nothing to do
  Rendered layout layouts/application.html.erb (Duration: 10.4ms | Allocations: 3733)
Completed 200 OK in 12ms (Views: 11.1ms | ActiveRecord: 0.2ms | Allocations: 4126)


Started GET "/" for 127.0.0.1 at 2021-02-07 20:21:13 +0000
  [1m[35m (0.5ms)[0m  [1m[34mSELECT sqlite_version(*)[0m
  [1m[35m (0.3ms)[0m  [1m[34mSELECT "schema_migrations"."version" FROM "schema_migrations" ORDER BY "schema_migrations"."version" ASC[0m
Started GET "/characters" for 127.0.0.1 at 2021-02-07 20:21:13 +0000
Processing by CharactersController#index as HTML
Completed 500 Internal Server Error in 26ms (ActiveRecord: 0.0ms | Allocations: 4363)


  
NameError (uninitialized constant #<Class:0x0000555fc784f400>::PictureUploader
Did you mean?  Character::Preloader):
  
app/models/character.rb:2:in `<class:Character>'
app/models/character.rb:1:in `<main>'
app/controllers/characters_controller.rb:6:in `index'
Started GET "/" for 127.0.0.1 at 2021-02-07 20:21:26 +0000
Started GET "/characters" for 127.0.0.1 at 2021-02-07 20:21:26 +0000
Processing by CharactersController#index as HTML
  Rendering layout layouts/application.html.erb
  Rendering characters/index.html.erb within layouts/application
  [1m[36mCharacter Load (0.6ms)[0m  [1m[34mSELECT "characters".* FROM "characters"[0m
  ↳ app/views/characters/index.html.erb:16
  Rendered characters/index.html.erb within layouts/application (Duration: 16.6ms | Allocations: 1104)
[Webpacker] Everything's up-to-date. Nothing to do
  Rendered layout layouts/application.html.erb (Duration: 59.5ms | Allocations: 20018)
Completed 200 OK in 65ms (Views: 61.7ms | ActiveRecord: 0.6ms | Allocations: 21306)


Started GET "/" for 127.0.0.1 at 2021-02-07 20:21:31 +0000
Started GET "/characters" for 127.0.0.1 at 2021-02-07 20:21:31 +0000
Processing by CharactersController#index as HTML
  Rendering layout layouts/application.html.erb
  Rendering characters/index.html.erb within layouts/application
  [1m[36mCharacter Load (0.1ms)[0m  [1m[34mSELECT "characters".* FROM "characters"[0m
  ↳ app/views/characters/index.html.erb:16
  Rendered characters/index.html.erb within layouts/application (Duration: 3.1ms | Allocations: 725)
[Webpacker] Everything's up-to-date. Nothing to do
  Rendered layout layouts/application.html.erb (Duration: 8.3ms | Allocations: 3826)
Completed 200 OK in 12ms (Views: 10.9ms | ActiveRecord: 0.1ms | Allocations: 4803)


Started GET "/characters" for 127.0.0.1 at 2021-02-07 20:21:35 +0000
Processing by CharactersController#index as HTML
  Rendering layout layouts/application.html.erb
  Rendering characters/index.html.erb within layouts/application
  [1m[36mCharacter Load (0.2ms)[0m  [1m[34mSELECT "characters".* FROM "characters"[0m
  ↳ app/views/characters/index.html.erb:16
  Rendered characters/index.html.erb within layouts/application (Duration: 4.7ms | Allocations: 711)
[Webpacker] Everything's up-to-date. Nothing to do
  Rendered layout layouts/application.html.erb (Duration: 17.8ms | Allocations: 4390)
Completed 200 OK in 21ms (Views: 19.4ms | ActiveRecord: 0.2ms | Allocations: 4810)


Started GET "/" for 127.0.0.1 at 2021-02-07 20:21:38 +0000
Started GET "/characters" for 127.0.0.1 at 2021-02-07 20:21:38 +0000
Processing by CharactersController#index as HTML
  Rendering layout layouts/application.html.erb
  Rendering characters/index.html.erb within layouts/application
  [1m[36mCharacter Load (0.3ms)[0m  [1m[34mSELECT "characters".* FROM "characters"[0m
  ↳ app/views/characters/index.html.erb:16
  Rendered characters/index.html.erb within layouts/application (Duration: 3.7ms | Allocations: 719)
[Webpacker] Everything's up-to-date. Nothing to do
  Rendered layout layouts/application.html.erb (Duration: 14.1ms | Allocations: 3820)
Completed 200 OK in 19ms (Views: 16.9ms | ActiveRecord: 0.3ms | Allocations: 4386)


Started GET "/characters/new" for 127.0.0.1 at 2021-02-07 20:21:43 +0000
Processing by CharactersController#new as HTML
  Rendering layout layouts/application.html.erb
  Rendering characters/new.html.erb within layouts/application
  Rendered characters/_form.html.erb (Duration: 25.3ms | Allocations: 8038)
  Rendered characters/new.html.erb within layouts/application (Duration: 27.0ms | Allocations: 8431)
[Webpacker] Everything's up-to-date. Nothing to do
  Rendered layout layouts/application.html.erb (Duration: 32.0ms | Allocations: 11440)
Completed 200 OK in 45ms (Views: 32.9ms | ActiveRecord: 0.5ms | Allocations: 15841)


Started POST "/characters" for 127.0.0.1 at 2021-02-07 20:22:06 +0000
Processing by CharactersController#create as HTML
  Parameters: {"authenticity_token"=>"[FILTERED]", "character"=>{"name"=>"The Doctor", "description"=>"There's 13 of them."}, "commit"=>"Create Character"}
  [1m[36mTRANSACTION (0.1ms)[0m  [1m[36mbegin transaction[0m
  ↳ app/controllers/characters_controller.rb:27:in `block in create'
  [1m[36mCharacter Create (3.8ms)[0m  [1m[32mINSERT INTO "characters" ("name", "description", "created_at", "updated_at") VALUES (?, ?, ?, ?)[0m  [["name", "The Doctor"], ["description", "There's 13 of them."], ["created_at", "2021-02-07 20:22:06.500042"], ["updated_at", "2021-02-07 20:22:06.500042"]]
  ↳ app/controllers/characters_controller.rb:27:in `block in create'
  [1m[36mTRANSACTION (13.9ms)[0m  [1m[36mcommit transaction[0m
  ↳ app/controllers/characters_controller.rb:27:in `block in create'
Redirected to http://127.0.0.1:3000/characters/1
Completed 302 Found in 31ms (ActiveRecord: 17.8ms | Allocations: 4677)


Started GET "/characters/1" for 127.0.0.1 at 2021-02-07 20:22:06 +0000
Processing by CharactersController#show as HTML
  Parameters: {"id"=>"1"}
  [1m[36mCharacter Load (0.5ms)[0m  [1m[34mSELECT "characters".* FROM "characters" WHERE "characters"."id" = ? LIMIT ?[0m  [["id", 1], ["LIMIT", 1]]
  ↳ app/controllers/characters_controller.rb:62:in `set_character'
  Rendering layout layouts/application.html.erb
  Rendering characters/show.html.erb within layouts/application
  Rendered characters/show.html.erb within layouts/application (Duration: 1.3ms | Allocations: 308)
[Webpacker] Everything's up-to-date. Nothing to do
  Rendered layout layouts/application.html.erb (Duration: 6.8ms | Allocations: 3410)
Completed 200 OK in 13ms (Views: 7.7ms | ActiveRecord: 0.5ms | Allocations: 4919)


Started GET "/" for 127.0.0.1 at 2021-02-07 20:22:13 +0000
Started GET "/characters" for 127.0.0.1 at 2021-02-07 20:22:13 +0000
Processing by CharactersController#index as HTML
  Rendering layout layouts/application.html.erb
  Rendering characters/index.html.erb within layouts/application
  [1m[36mCharacter Load (0.2ms)[0m  [1m[34mSELECT "characters".* FROM "characters"[0m
  ↳ app/views/characters/index.html.erb:16
  Rendered characters/index.html.erb within layouts/application (Duration: 4.0ms | Allocations: 827)
[Webpacker] Everything's up-to-date. Nothing to do
  Rendered layout layouts/application.html.erb (Duration: 11.1ms | Allocations: 3928)
Completed 200 OK in 16ms (Views: 14.1ms | ActiveRecord: 0.2ms | Allocations: 4901)


Started GET "/characters" for 127.0.0.1 at 2021-02-07 20:22:15 +0000
Processing by CharactersController#index as HTML
  Rendering layout layouts/application.html.erb
  Rendering characters/index.html.erb within layouts/application
  [1m[36mCharacter Load (0.2ms)[0m  [1m[34mSELECT "characters".* FROM "characters"[0m
  ↳ app/views/characters/index.html.erb:16
  Rendered characters/index.html.erb within layouts/application (Duration: 3.1ms | Allocations: 814)
[Webpacker] Everything's up-to-date. Nothing to do
  Rendered layout layouts/application.html.erb (Duration: 11.5ms | Allocations: 4503)
Completed 200 OK in 13ms (Views: 12.0ms | ActiveRecord: 0.2ms | Allocations: 4896)


Started GET "/" for 127.0.0.1 at 2021-02-07 20:22:16 +0000
Started GET "/characters" for 127.0.0.1 at 2021-02-07 20:22:16 +0000
Processing by CharactersController#index as HTML
  Rendering layout layouts/application.html.erb
  Rendering characters/index.html.erb within layouts/application
  [1m[36mCharacter Load (0.3ms)[0m  [1m[34mSELECT "characters".* FROM "characters"[0m
  ↳ app/views/characters/index.html.erb:16
  Rendered characters/index.html.erb within layouts/application (Duration: 3.9ms | Allocations: 814)
[Webpacker] Everything's up-to-date. Nothing to do
  Rendered layout layouts/application.html.erb (Duration: 14.8ms | Allocations: 4516)
Completed 200 OK in 18ms (Views: 15.8ms | ActiveRecord: 0.3ms | Allocations: 4909)


Started DELETE "/characters/1" for 127.0.0.1 at 2021-02-07 20:22:19 +0000
Processing by CharactersController#destroy as HTML
  Parameters: {"authenticity_token"=>"[FILTERED]", "id"=>"1"}
  [1m[36mCharacter Load (0.3ms)[0m  [1m[34mSELECT "characters".* FROM "characters" WHERE "characters"."id" = ? LIMIT ?[0m  [["id", 1], ["LIMIT", 1]]
  ↳ app/controllers/characters_controller.rb:62:in `set_character'
  [1m[36mTRANSACTION (0.1ms)[0m  [1m[36mbegin transaction[0m
  ↳ app/controllers/characters_controller.rb:52:in `destroy'
  [1m[36mCharacter Destroy (0.3ms)[0m  [1m[31mDELETE FROM "characters" WHERE "characters"."id" = ?[0m  [["id", 1]]
  ↳ app/controllers/characters_controller.rb:52:in `destroy'
  [1m[36mTRANSACTION (17.7ms)[0m  [1m[36mcommit transaction[0m
  ↳ app/controllers/characters_controller.rb:52:in `destroy'
Redirected to http://127.0.0.1:3000/characters
Completed 302 Found in 32ms (ActiveRecord: 18.4ms | Allocations: 4594)


Started GET "/characters" for 127.0.0.1 at 2021-02-07 20:22:19 +0000
Processing by CharactersController#index as HTML
  Rendering layout layouts/application.html.erb
  Rendering characters/index.html.erb within layouts/application
  [1m[36mCharacter Load (0.2ms)[0m  [1m[34mSELECT "characters".* FROM "characters"[0m
  ↳ app/views/characters/index.html.erb:16
  Rendered characters/index.html.erb within layouts/application (Duration: 2.6ms | Allocations: 713)
[Webpacker] Everything's up-to-date. Nothing to do
  Rendered layout layouts/application.html.erb (Duration: 9.0ms | Allocations: 3812)
Completed 200 OK in 11ms (Views: 9.6ms | ActiveRecord: 0.2ms | Allocations: 4211)


Started GET "/pages/info" for ::1 at 2021-02-07 20:22:35 +0000
Processing by PagesController#info as HTML
  Rendering layout layouts/application.html.erb
  Rendering pages/info.html.erb within layouts/application
  Rendered pages/info.html.erb within layouts/application (Duration: 0.6ms | Allocations: 117)
[Webpacker] Everything's up-to-date. Nothing to do
  Rendered layout layouts/application.html.erb (Duration: 10.4ms | Allocations: 3197)
Completed 200 OK in 15ms (Views: 13.4ms | ActiveRecord: 0.0ms | Allocations: 4091)


Started GET "/characters" for ::1 at 2021-02-07 20:22:45 +0000
Processing by CharactersController#index as HTML
  Rendering layout layouts/application.html.erb
  Rendering characters/index.html.erb within layouts/application
  [1m[36mCharacter Load (0.2ms)[0m  [1m[34mSELECT "characters".* FROM "characters"[0m
  ↳ app/views/characters/index.html.erb:16
  Rendered characters/index.html.erb within layouts/application (Duration: 4.7ms | Allocations: 1156)
[Webpacker] Everything's up-to-date. Nothing to do
  Rendered layout layouts/application.html.erb (Duration: 13.3ms | Allocations: 4402)
Completed 200 OK in 16ms (Views: 14.3ms | ActiveRecord: 0.2ms | Allocations: 4798)


Started GET "/" for ::1 at 2021-02-07 20:22:47 +0000
Started GET "/characters" for ::1 at 2021-02-07 20:22:47 +0000
Processing by CharactersController#index as HTML
  Rendering layout layouts/application.html.erb
  Rendering characters/index.html.erb within layouts/application
  [1m[36mCharacter Load (0.2ms)[0m  [1m[34mSELECT "characters".* FROM "characters"[0m
  ↳ app/views/characters/index.html.erb:16
  Rendered characters/index.html.erb within layouts/application (Duration: 2.8ms | Allocations: 711)
[Webpacker] Everything's up-to-date. Nothing to do
  Rendered layout layouts/application.html.erb (Duration: 10.7ms | Allocations: 4394)
Completed 200 OK in 12ms (Views: 11.4ms | ActiveRecord: 0.2ms | Allocations: 4787)


Started GET "/" for ::1 at 2021-02-07 20:22:49 +0000
Started GET "/characters" for ::1 at 2021-02-07 20:22:49 +0000
Processing by CharactersController#index as HTML
  Rendering layout layouts/application.html.erb
  Rendering characters/index.html.erb within layouts/application
  [1m[36mCharacter Load (0.2ms)[0m  [1m[34mSELECT "characters".* FROM "characters"[0m
  ↳ app/views/characters/index.html.erb:16
  Rendered characters/index.html.erb within layouts/application (Duration: 4.1ms | Allocations: 711)
[Webpacker] Everything's up-to-date. Nothing to do
  Rendered layout layouts/application.html.erb (Duration: 9.8ms | Allocations: 3893)
Completed 200 OK in 12ms (Views: 10.6ms | ActiveRecord: 0.2ms | Allocations: 4298)


Started GET "/" for ::1 at 2021-02-07 20:23:16 +0000
Started GET "/pages/info" for ::1 at 2021-02-07 20:23:16 +0000
Processing by PagesController#info as HTML
  Rendering layout layouts/application.html.erb
  Rendering pages/info.html.erb within layouts/application
  Rendered pages/info.html.erb within layouts/application (Duration: 0.1ms | Allocations: 35)
[Webpacker] Everything's up-to-date. Nothing to do
  Rendered layout layouts/application.html.erb (Duration: 9.3ms | Allocations: 3138)
Completed 200 OK in 11ms (Views: 10.3ms | Allocations: 3659)


Started GET "/characters" for ::1 at 2021-02-07 20:23:20 +0000
Processing by CharactersController#index as HTML
Completed 500 Internal Server Error in 11ms (Allocations: 2896)


  
NameError (uninitialized constant Character (call 'Character.connection' to establish a connection)::PictureUploader
Did you mean?  Character::Preloader):
  
app/models/character.rb:2:in `<class:Character>'
app/models/character.rb:1:in `<main>'
app/controllers/characters_controller.rb:6:in `index'
Started GET "/pages/info" for ::1 at 2021-02-07 20:23:24 +0000
Processing by PagesController#info as HTML
  Rendering layout layouts/application.html.erb
  Rendering pages/info.html.erb within layouts/application
  Rendered pages/info.html.erb within layouts/application (Duration: 0.1ms | Allocations: 35)
[Webpacker] Everything's up-to-date. Nothing to do
  Rendered layout layouts/application.html.erb (Duration: 5.6ms | Allocations: 3136)
Completed 200 OK in 7ms (Views: 6.2ms | Allocations: 3513)


Started GET "/characters" for ::1 at 2021-02-07 20:23:25 +0000
Processing by CharactersController#index as HTML
  Rendering layout layouts/application.html.erb
  Rendering characters/index.html.erb within layouts/application
  [1m[35m (0.3ms)[0m  [1m[34mSELECT sqlite_version(*)[0m
  ↳ app/views/characters/index.html.erb:16
  [1m[36mCharacter Load (0.2ms)[0m  [1m[34mSELECT "characters".* FROM "characters"[0m
  ↳ app/views/characters/index.html.erb:16
  Rendered characters/index.html.erb within layouts/application (Duration: 10.2ms | Allocations: 1443)
[Webpacker] Everything's up-to-date. Nothing to do
  Rendered layout layouts/application.html.erb (Duration: 19.2ms | Allocations: 5127)
Completed 200 OK in 22ms (Views: 20.3ms | ActiveRecord: 1.0ms | Allocations: 5707)


Started GET "/" for ::1 at 2021-02-07 20:23:28 +0000
Started GET "/pages/info" for ::1 at 2021-02-07 20:23:28 +0000
Processing by PagesController#info as HTML
  Rendering layout layouts/application.html.erb
  Rendering pages/info.html.erb within layouts/application
  Rendered pages/info.html.erb within layouts/application (Duration: 0.1ms | Allocations: 35)
[Webpacker] Everything's up-to-date. Nothing to do
  Rendered layout layouts/application.html.erb (Duration: 8.8ms | Allocations: 3626)
Completed 200 OK in 11ms (Views: 9.8ms | ActiveRecord: 0.0ms | Allocations: 4007)


Started GET "/characters" for ::1 at 2021-02-07 20:23:29 +0000
Processing by CharactersController#index as HTML
  Rendering layout layouts/application.html.erb
  Rendering characters/index.html.erb within layouts/application
  [1m[36mCharacter Load (0.2ms)[0m  [1m[34mSELECT "characters".* FROM "characters"[0m
  ↳ app/views/characters/index.html.erb:16
  Rendered characters/index.html.erb within layouts/application (Duration: 3.0ms | Allocations: 711)
[Webpacker] Everything's up-to-date. Nothing to do
  Rendered layout layouts/application.html.erb (Duration: 12.7ms | Allocations: 3810)
Completed 200 OK in 17ms (Views: 15.5ms | ActiveRecord: 0.2ms | Allocations: 4779)


Started GET "/" for ::1 at 2021-02-07 20:23:31 +0000
Started GET "/pages/info" for ::1 at 2021-02-07 20:23:31 +0000
Processing by PagesController#info as HTML
  Rendering layout layouts/application.html.erb
  Rendering pages/info.html.erb within layouts/application
  Rendered pages/info.html.erb within layouts/application (Duration: 0.2ms | Allocations: 35)
[Webpacker] Everything's up-to-date. Nothing to do
  Rendered layout layouts/application.html.erb (Duration: 13.7ms | Allocations: 3715)
Completed 200 OK in 16ms (Views: 14.9ms | ActiveRecord: 0.0ms | Allocations: 4093)


Started GET "/" for ::1 at 2021-02-07 20:26:46 +0000
Started GET "/pages/info" for ::1 at 2021-02-07 20:26:46 +0000
Processing by PagesController#info as HTML
  Rendering layout layouts/application.html.erb
  Rendering pages/info.html.erb within layouts/application
  Rendered pages/info.html.erb within layouts/application (Duration: 0.8ms | Allocations: 121)
[Webpacker] Everything's up-to-date. Nothing to do
  Rendered layout layouts/application.html.erb (Duration: 7.5ms | Allocations: 3455)
Completed 200 OK in 12ms (Views: 9.8ms | ActiveRecord: 0.0ms | Allocations: 4576)


Processing by PagesController#info as HTML
Processing by PagesController#info as HTML
Completed 200 OK in 22ms (Views: 21.1ms | ActiveRecord: 0.0ms | Allocations: 10176)


Completed 200 OK in 58ms (Views: 39.7ms | ActiveRecord: 0.0ms | Allocations: 17872)


Processing by PagesController#info as HTML
Completed 200 OK in 16ms (Views: 14.4ms | ActiveRecord: 0.0ms | Allocations: 3667)


Processing by CharactersController#index as HTML
Completed 500 Internal Server Error in 14ms (ActiveRecord: 0.0ms | Allocations: 3592)


Processing by PagesController#info as HTML
Completed 200 OK in 9ms (Views: 8.1ms | ActiveRecord: 0.0ms | Allocations: 3442)


Processing by CharactersController#index as HTML
Completed 200 OK in 36ms (Views: 34.6ms | ActiveRecord: 0.3ms | Allocations: 5655)


